<?xml version="1.0" encoding="UTF-8"?>
<!-- Generated by org.testng.reporters.JUnitXMLReporter -->
<testsuite hostname="AkshunyaJ-L" ignored="2" name="Default test" tests="11" failures="0" timestamp="2020-07-10T13:25:41 IST" time="8.215" errors="0">
  <testcase name="adminUserLogin" time="3.021" classname="TestApi.TestSuite"/>
  <testcase name="adminVerifyRefreshToken" time="0.48" classname="TestApi.TestSuite"/>
  <testcase name="adminVerifyGetMasterFilter" time="0.4" classname="TestApi.TestSuite"/>
  <testcase name="adminVerifyGetUserSegments" time="0.379" classname="TestApi.TestSuite"/>
  <testcase name="adminVerifyGetUserSegment" time="0.342" classname="TestApi.TestSuite"/>
  <testcase name="adminVerifyCreateUserSegment" time="0.31" classname="TestApi.TestSuite"/>
  <testcase name="adminVerifyUpdateUserSegment" time="0.295" classname="TestApi.TestSuite"/>
  <testcase name="adminVerifyDeleteUserSegment" time="0.389" classname="TestApi.TestSuite"/>
  <testcase name="adminVerifyChangePasswordFromApp" time="0.29" classname="TestApi.TestSuite"/>
  <testcase name="adminVerifyForgetPasswordRequest" time="0.3" classname="TestApi.TestSuite"/>
  <testcase name="adminVerifyLogError" time="0.335" classname="TestApi.TestSuite"/>
  <testcase name="userVerifyCreateUser" time="0.0" classname="TestApi.TestSuite">
    <ignored/>
  </testcase> <!-- userVerifyCreateUser -->
  <testcase name="adminVerifyResetPasswordWithEmailLink" time="0.0" classname="TestApi.TestSuite">
    <ignored/>
  </testcase> <!-- adminVerifyResetPasswordWithEmailLink -->
</testsuite> <!-- Default test -->
