<?xml version="1.0" encoding="UTF-8"?>
<!-- Generated by org.testng.reporters.JUnitXMLReporter -->
<testsuite hostname="AkshunyaJ-L" ignored="10" name="Test" tests="0" failures="0" timestamp="2020-07-09T18:12:10 IST" time="0.726" errors="0">
  <testcase name="verifyGetMasterFilter" time="0.0" classname="TestApi.MyTest">
    <ignored/>
  </testcase> <!-- verifyGetMasterFilter -->
  <testcase name="verifyGetUserSegment" time="0.0" classname="TestApi.MyTest">
    <ignored/>
  </testcase> <!-- verifyGetUserSegment -->
  <testcase name="verifyRefreshToken" time="0.0" classname="TestApi.MyTest">
    <ignored/>
  </testcase> <!-- verifyRefreshToken -->
  <testcase name="verifyCreateUserSegment" time="0.0" classname="TestApi.MyTest">
    <ignored/>
  </testcase> <!-- verifyCreateUserSegment -->
  <testcase name="verifyResetPasswordWithEmailLink" time="0.0" classname="TestApi.MyTest">
    <ignored/>
  </testcase> <!-- verifyResetPasswordWithEmailLink -->
  <testcase name="verifyDeleteUserSegment" time="0.0" classname="TestApi.MyTest">
    <ignored/>
  </testcase> <!-- verifyDeleteUserSegment -->
  <testcase name="verifyChangePasswordFromApp" time="0.0" classname="TestApi.MyTest">
    <ignored/>
  </testcase> <!-- verifyChangePasswordFromApp -->
  <testcase name="verifyGetUserSegments" time="0.0" classname="TestApi.MyTest">
    <ignored/>
  </testcase> <!-- verifyGetUserSegments -->
  <testcase name="verifyUpdateUserSegment" time="0.0" classname="TestApi.MyTest">
    <ignored/>
  </testcase> <!-- verifyUpdateUserSegment -->
  <testcase name="verifyForgetPasswordRequest" time="0.0" classname="TestApi.MyTest">
    <ignored/>
  </testcase> <!-- verifyForgetPasswordRequest -->
</testsuite> <!-- Test -->
