<?xml version="1.0" encoding="UTF-8"?>
<testng-results skipped="0" failed="0" ignored="2" total="13" passed="11">
  <reporter-output>
  </reporter-output>
  <suite name="Default suite" duration-ms="8215" started-at="2020-07-10T13:25:32 IST" finished-at="2020-07-10T13:25:41 IST">
    <groups>
    </groups>
    <test name="Default test" duration-ms="8215" started-at="2020-07-10T13:25:32 IST" finished-at="2020-07-10T13:25:41 IST">
      <class name="TestApi.TestSuite">
        <test-method status="PASS" signature="setup()[pri:0, instance:TestApi.TestSuite@2f943d71]" name="setup" is-config="true" duration-ms="568" started-at="2020-07-10T13:25:33 IST" finished-at="2020-07-10T13:25:34 IST">
          <reporter-output>
          </reporter-output>
        </test-method> <!-- setup -->
        <test-method status="PASS" signature="adminUserLogin(java.lang.String)[pri:1, instance:TestApi.TestSuite@2f943d71]" name="adminUserLogin" duration-ms="3021" started-at="2020-07-10T13:25:34 IST" data-provider="DataProviderforTrigger" finished-at="2020-07-10T13:25:37 IST">
          <params>
            <param index="0">
              <value>
                <![CDATA[1]]>
              </value>
            </param>
          </params>
          <reporter-output>
          </reporter-output>
        </test-method> <!-- adminUserLogin -->
        <test-method status="PASS" signature="setup()[pri:0, instance:TestApi.TestSuite@2f943d71]" name="setup" is-config="true" duration-ms="1" started-at="2020-07-10T13:25:37 IST" finished-at="2020-07-10T13:25:37 IST">
          <reporter-output>
          </reporter-output>
        </test-method> <!-- setup -->
        <test-method status="PASS" signature="adminVerifyRefreshToken(java.lang.String)[pri:2, instance:TestApi.TestSuite@2f943d71]" name="adminVerifyRefreshToken" duration-ms="480" started-at="2020-07-10T13:25:37 IST" data-provider="DataProviderforTrigger" finished-at="2020-07-10T13:25:37 IST">
          <params>
            <param index="0">
              <value>
                <![CDATA[1]]>
              </value>
            </param>
          </params>
          <reporter-output>
          </reporter-output>
        </test-method> <!-- adminVerifyRefreshToken -->
        <test-method status="PASS" signature="setup()[pri:0, instance:TestApi.TestSuite@2f943d71]" name="setup" is-config="true" duration-ms="1" started-at="2020-07-10T13:25:37 IST" finished-at="2020-07-10T13:25:37 IST">
          <reporter-output>
          </reporter-output>
        </test-method> <!-- setup -->
        <test-method status="PASS" signature="adminVerifyGetMasterFilter(java.lang.String)[pri:3, instance:TestApi.TestSuite@2f943d71]" name="adminVerifyGetMasterFilter" duration-ms="400" started-at="2020-07-10T13:25:37 IST" data-provider="DataProviderforTrigger" finished-at="2020-07-10T13:25:38 IST">
          <params>
            <param index="0">
              <value>
                <![CDATA[1]]>
              </value>
            </param>
          </params>
          <reporter-output>
          </reporter-output>
        </test-method> <!-- adminVerifyGetMasterFilter -->
        <test-method status="PASS" signature="setup()[pri:0, instance:TestApi.TestSuite@2f943d71]" name="setup" is-config="true" duration-ms="1" started-at="2020-07-10T13:25:38 IST" finished-at="2020-07-10T13:25:38 IST">
          <reporter-output>
          </reporter-output>
        </test-method> <!-- setup -->
        <test-method status="PASS" signature="adminVerifyGetUserSegments(java.lang.String)[pri:4, instance:TestApi.TestSuite@2f943d71]" name="adminVerifyGetUserSegments" duration-ms="379" started-at="2020-07-10T13:25:38 IST" data-provider="DataProviderforTrigger" finished-at="2020-07-10T13:25:38 IST">
          <params>
            <param index="0">
              <value>
                <![CDATA[1]]>
              </value>
            </param>
          </params>
          <reporter-output>
          </reporter-output>
        </test-method> <!-- adminVerifyGetUserSegments -->
        <test-method status="PASS" signature="setup()[pri:0, instance:TestApi.TestSuite@2f943d71]" name="setup" is-config="true" duration-ms="0" started-at="2020-07-10T13:25:38 IST" finished-at="2020-07-10T13:25:38 IST">
          <reporter-output>
          </reporter-output>
        </test-method> <!-- setup -->
        <test-method status="PASS" signature="adminVerifyGetUserSegment(java.lang.String)[pri:5, instance:TestApi.TestSuite@2f943d71]" name="adminVerifyGetUserSegment" duration-ms="342" started-at="2020-07-10T13:25:38 IST" data-provider="DataProviderforTrigger" finished-at="2020-07-10T13:25:38 IST">
          <params>
            <param index="0">
              <value>
                <![CDATA[1]]>
              </value>
            </param>
          </params>
          <reporter-output>
          </reporter-output>
        </test-method> <!-- adminVerifyGetUserSegment -->
        <test-method status="PASS" signature="adminVerifyCreateUserSegment(java.lang.String)[pri:6, instance:TestApi.TestSuite@2f943d71]" name="adminVerifyCreateUserSegment" duration-ms="310" started-at="2020-07-10T13:25:38 IST" data-provider="DataProviderforTrigger" finished-at="2020-07-10T13:25:39 IST">
          <params>
            <param index="0">
              <value>
                <![CDATA[1]]>
              </value>
            </param>
          </params>
          <reporter-output>
          </reporter-output>
        </test-method> <!-- adminVerifyCreateUserSegment -->
        <test-method status="PASS" signature="setup()[pri:0, instance:TestApi.TestSuite@2f943d71]" name="setup" is-config="true" duration-ms="0" started-at="2020-07-10T13:25:38 IST" finished-at="2020-07-10T13:25:38 IST">
          <reporter-output>
          </reporter-output>
        </test-method> <!-- setup -->
        <test-method status="PASS" signature="setup()[pri:0, instance:TestApi.TestSuite@2f943d71]" name="setup" is-config="true" duration-ms="0" started-at="2020-07-10T13:25:39 IST" finished-at="2020-07-10T13:25:39 IST">
          <reporter-output>
          </reporter-output>
        </test-method> <!-- setup -->
        <test-method status="PASS" signature="adminVerifyUpdateUserSegment(java.lang.String)[pri:7, instance:TestApi.TestSuite@2f943d71]" name="adminVerifyUpdateUserSegment" duration-ms="295" started-at="2020-07-10T13:25:39 IST" data-provider="DataProviderforTrigger" finished-at="2020-07-10T13:25:39 IST">
          <params>
            <param index="0">
              <value>
                <![CDATA[1]]>
              </value>
            </param>
          </params>
          <reporter-output>
          </reporter-output>
        </test-method> <!-- adminVerifyUpdateUserSegment -->
        <test-method status="PASS" signature="setup()[pri:0, instance:TestApi.TestSuite@2f943d71]" name="setup" is-config="true" duration-ms="0" started-at="2020-07-10T13:25:39 IST" finished-at="2020-07-10T13:25:39 IST">
          <reporter-output>
          </reporter-output>
        </test-method> <!-- setup -->
        <test-method status="PASS" signature="adminVerifyDeleteUserSegment(java.lang.String)[pri:8, instance:TestApi.TestSuite@2f943d71]" name="adminVerifyDeleteUserSegment" duration-ms="389" started-at="2020-07-10T13:25:39 IST" data-provider="DataProviderforTrigger" finished-at="2020-07-10T13:25:40 IST">
          <params>
            <param index="0">
              <value>
                <![CDATA[1]]>
              </value>
            </param>
          </params>
          <reporter-output>
          </reporter-output>
        </test-method> <!-- adminVerifyDeleteUserSegment -->
        <test-method status="PASS" signature="setup()[pri:0, instance:TestApi.TestSuite@2f943d71]" name="setup" is-config="true" duration-ms="0" started-at="2020-07-10T13:25:40 IST" finished-at="2020-07-10T13:25:40 IST">
          <reporter-output>
          </reporter-output>
        </test-method> <!-- setup -->
        <test-method status="PASS" signature="adminVerifyChangePasswordFromApp(java.lang.String)[pri:9, instance:TestApi.TestSuite@2f943d71]" name="adminVerifyChangePasswordFromApp" duration-ms="290" started-at="2020-07-10T13:25:40 IST" data-provider="DataProviderforTrigger" finished-at="2020-07-10T13:25:40 IST">
          <params>
            <param index="0">
              <value>
                <![CDATA[1]]>
              </value>
            </param>
          </params>
          <reporter-output>
          </reporter-output>
        </test-method> <!-- adminVerifyChangePasswordFromApp -->
        <test-method status="PASS" signature="setup()[pri:0, instance:TestApi.TestSuite@2f943d71]" name="setup" is-config="true" duration-ms="1" started-at="2020-07-10T13:25:40 IST" finished-at="2020-07-10T13:25:40 IST">
          <reporter-output>
          </reporter-output>
        </test-method> <!-- setup -->
        <test-method status="PASS" signature="adminVerifyForgetPasswordRequest(java.lang.String)[pri:10, instance:TestApi.TestSuite@2f943d71]" name="adminVerifyForgetPasswordRequest" duration-ms="300" started-at="2020-07-10T13:25:40 IST" data-provider="DataProviderforTrigger" finished-at="2020-07-10T13:25:40 IST">
          <params>
            <param index="0">
              <value>
                <![CDATA[1]]>
              </value>
            </param>
          </params>
          <reporter-output>
          </reporter-output>
        </test-method> <!-- adminVerifyForgetPasswordRequest -->
        <test-method status="PASS" signature="setup()[pri:0, instance:TestApi.TestSuite@2f943d71]" name="setup" is-config="true" duration-ms="1" started-at="2020-07-10T13:25:40 IST" finished-at="2020-07-10T13:25:40 IST">
          <reporter-output>
          </reporter-output>
        </test-method> <!-- setup -->
        <test-method status="PASS" signature="adminVerifyLogError(java.lang.String)[pri:13, instance:TestApi.TestSuite@2f943d71]" name="adminVerifyLogError" duration-ms="335" started-at="2020-07-10T13:25:40 IST" data-provider="DataProviderforTrigger" finished-at="2020-07-10T13:25:41 IST">
          <params>
            <param index="0">
              <value>
                <![CDATA[1]]>
              </value>
            </param>
          </params>
          <reporter-output>
          </reporter-output>
        </test-method> <!-- adminVerifyLogError -->
      </class> <!-- TestApi.TestSuite -->
    </test> <!-- Default test -->
  </suite> <!-- Default suite -->
</testng-results>
